0 info it worked if it ends with ok
1 verbose cli [ 'node',
1 verbose cli   '/usr/local/bin/npm',
1 verbose cli   'install',
1 verbose cli   'mongodb@~1.4',
1 verbose cli   '[--save]' ]
2 info using npm@1.4.28
3 info using node@v0.10.32
4 warn package.json graphicsmagick@0.0.1 No repository field.
5 warn package.json recaptcha@1.2.0 No repository field.
6 warn package.json util@0.10.3 util is also the name of a node core module.
7 warn package.json papercut@0.0.6 No repository field.
8 info shrinkwrap file "/Users/NguyenMinhTuan/Documents/today_voice/npm-shrinkwrap.json"
9 verbose readDependencies returned deps { express: '3.1.0',
9 verbose readDependencies returned deps   jade: '0.28.1',
9 verbose readDependencies returned deps   'less-middleware': '0.1.9',
9 verbose readDependencies returned deps   nconf: '0.6.7',
9 verbose readDependencies returned deps   'socket.io': '0.9.13',
9 verbose readDependencies returned deps   everyauth: 'https://github.com/bnoguchi/everyauth/tarball/express3',
9 verbose readDependencies returned deps   recaptcha: '1.2.0' }
10 verbose cache add [ 'mongodb@~1.4', null ]
11 verbose cache add name=undefined spec="mongodb@~1.4" args=["mongodb@~1.4",null]
12 verbose parsed url { protocol: null,
12 verbose parsed url   slashes: null,
12 verbose parsed url   auth: null,
12 verbose parsed url   host: null,
12 verbose parsed url   port: null,
12 verbose parsed url   hostname: null,
12 verbose parsed url   hash: null,
12 verbose parsed url   search: null,
12 verbose parsed url   query: null,
12 verbose parsed url   pathname: 'mongodb@~1.4',
12 verbose parsed url   path: 'mongodb@~1.4',
12 verbose parsed url   href: 'mongodb@~1.4' }
13 verbose cache add [ '[--save]', null ]
14 verbose cache add name=undefined spec="[--save]" args=["[--save]",null]
15 verbose parsed url { protocol: null,
15 verbose parsed url   slashes: null,
15 verbose parsed url   auth: null,
15 verbose parsed url   host: null,
15 verbose parsed url   port: null,
15 verbose parsed url   hostname: null,
15 verbose parsed url   hash: null,
15 verbose parsed url   search: null,
15 verbose parsed url   query: null,
15 verbose parsed url   pathname: '[--save]',
15 verbose parsed url   path: '[--save]',
15 verbose parsed url   href: '[--save]' }
16 verbose cache add name="mongodb" spec="~1.4" args=["mongodb","~1.4"]
17 verbose parsed url { protocol: null,
17 verbose parsed url   slashes: null,
17 verbose parsed url   auth: null,
17 verbose parsed url   host: null,
17 verbose parsed url   port: null,
17 verbose parsed url   hostname: null,
17 verbose parsed url   hash: null,
17 verbose parsed url   search: null,
17 verbose parsed url   query: null,
17 verbose parsed url   pathname: '~1.4',
17 verbose parsed url   path: '~1.4',
17 verbose parsed url   href: '~1.4' }
18 verbose addNamed [ 'mongodb', '~1.4' ]
19 verbose addNamed [ null, '>=1.4.0-0 <1.5.0-0' ]
20 silly lockFile 932bdf53-mongodb-1-4 mongodb@~1.4
21 verbose lock mongodb@~1.4 /Users/NguyenMinhTuan/.npm/932bdf53-mongodb-1-4.lock
22 silly lockFile ac0c90e7-save [--save]
23 verbose lock [--save] /Users/NguyenMinhTuan/.npm/ac0c90e7-save.lock
24 silly addNameRange { name: 'mongodb', range: '>=1.4.0-0 <1.5.0-0', hasData: false }
25 silly lockFile ac0c90e7-save [--save]
26 silly lockFile ac0c90e7-save [--save]
27 verbose addNamed [ '[--save]', '' ]
28 verbose addNamed [ null, '*' ]
29 silly lockFile eb3996db-save [--save]@
30 verbose lock [--save]@ /Users/NguyenMinhTuan/.npm/eb3996db-save.lock
31 silly addNameRange { name: '[--save]', range: '*', hasData: false }
32 verbose request where is /[--save]
33 verbose request registry https://registry.npmjs.org/
34 verbose request id 0bdd61554314ba55
35 verbose url raw /[--save]
36 verbose url resolving [ 'https://registry.npmjs.org/', './%5B--save%5D' ]
37 verbose url resolved https://registry.npmjs.org/%5B--save%5D
38 verbose request where is https://registry.npmjs.org/%5B--save%5D
39 info trying registry request attempt 1 at 16:05:56
40 http GET https://registry.npmjs.org/%5B--save%5D
41 verbose request where is /mongodb
42 verbose request registry https://registry.npmjs.org/
43 verbose url raw /mongodb
44 verbose url resolving [ 'https://registry.npmjs.org/', './mongodb' ]
45 verbose url resolved https://registry.npmjs.org/mongodb
46 verbose request where is https://registry.npmjs.org/mongodb
47 info trying registry request attempt 1 at 16:05:56
48 verbose etag "BLYFS8UWWYD10W5SRTAQBEYPF"
49 http GET https://registry.npmjs.org/mongodb
50 http 304 https://registry.npmjs.org/mongodb
51 silly registry.get cb [ 304,
51 silly registry.get   { date: 'Sun, 31 May 2015 09:05:56 GMT',
51 silly registry.get     via: '1.1 varnish',
51 silly registry.get     'cache-control': 'max-age=60',
51 silly registry.get     etag: '"BLYFS8UWWYD10W5SRTAQBEYPF"',
51 silly registry.get     age: '0',
51 silly registry.get     connection: 'keep-alive',
51 silly registry.get     'x-served-by': 'cache-hkg6822-HKG',
51 silly registry.get     'x-cache': 'HIT',
51 silly registry.get     'x-cache-hits': '1',
51 silly registry.get     'x-timer': 'S1433063156.857458,VS0,VE180',
51 silly registry.get     vary: 'Accept' } ]
52 verbose etag https://registry.npmjs.org/mongodb from cache
53 silly addNameRange number 2 { name: 'mongodb', range: '>=1.4.0-0 <1.5.0-0', hasData: true }
54 silly addNameRange versions [ 'mongodb',
54 silly addNameRange   [ '0.9.4',
54 silly addNameRange     '0.9.4-4',
54 silly addNameRange     '0.9.3',
54 silly addNameRange     '0.9.1',
54 silly addNameRange     '0.9.2',
54 silly addNameRange     '0.9.6-7',
54 silly addNameRange     '0.9.6-8',
54 silly addNameRange     '0.9.6-9',
54 silly addNameRange     '0.9.6-10',
54 silly addNameRange     '0.9.6-11',
54 silly addNameRange     '0.9.6-12',
54 silly addNameRange     '0.9.6-13',
54 silly addNameRange     '0.9.6-14',
54 silly addNameRange     '0.9.6-15',
54 silly addNameRange     '0.9.6-16',
54 silly addNameRange     '0.9.6-17',
54 silly addNameRange     '0.9.6-18',
54 silly addNameRange     '0.9.6-19',
54 silly addNameRange     '0.9.6-20',
54 silly addNameRange     '0.9.6-21',
54 silly addNameRange     '0.9.6-22',
54 silly addNameRange     '0.9.6-23',
54 silly addNameRange     '0.9.7',
54 silly addNameRange     '0.9.7-0',
54 silly addNameRange     '0.9.7-1',
54 silly addNameRange     '0.9.7-1.1',
54 silly addNameRange     '0.9.7-1.2',
54 silly addNameRange     '0.9.7-1.3',
54 silly addNameRange     '0.9.7-1.4',
54 silly addNameRange     '0.9.7-2',
54 silly addNameRange     '0.9.7-2-1',
54 silly addNameRange     '0.9.7-2-2',
54 silly addNameRange     '0.9.7-2-3',
54 silly addNameRange     '0.9.7-2-4',
54 silly addNameRange     '0.9.7-2-5',
54 silly addNameRange     '0.9.7-3',
54 silly addNameRange     '0.9.7-3-1',
54 silly addNameRange     '0.9.7-3-2',
54 silly addNameRange     '0.9.7-3-3',
54 silly addNameRange     '0.9.7-3-4',
54 silly addNameRange     '0.9.7-3-5',
54 silly addNameRange     '0.9.8',
54 silly addNameRange     '0.9.8-1',
54 silly addNameRange     '0.9.8-2',
54 silly addNameRange     '0.9.8-3',
54 silly addNameRange     '0.9.8-4',
54 silly addNameRange     '0.9.8-5',
54 silly addNameRange     '0.9.8-6',
54 silly addNameRange     '0.9.8-7',
54 silly addNameRange     '0.9.9',
54 silly addNameRange     '0.9.9-1',
54 silly addNameRange     '0.9.9-2',
54 silly addNameRange     '0.9.9-3',
54 silly addNameRange     '0.9.9-4',
54 silly addNameRange     '0.9.9-5',
54 silly addNameRange     '0.9.9-6',
54 silly addNameRange     '0.9.9-7',
54 silly addNameRange     '0.9.9-8',
54 silly addNameRange     '1.0.0',
54 silly addNameRange     '1.0.1',
54 silly addNameRange     '1.0.2',
54 silly addNameRange     '1.1.0-beta',
54 silly addNameRange     '1.1.0',
54 silly addNameRange     '1.1.1',
54 silly addNameRange     '1.1.2',
54 silly addNameRange     '1.1.3',
54 silly addNameRange     '1.1.4',
54 silly addNameRange     '1.1.5',
54 silly addNameRange     '1.1.6',
54 silly addNameRange     '1.1.7',
54 silly addNameRange     '1.1.8',
54 silly addNameRange     '1.1.9',
54 silly addNameRange     '1.1.10',
54 silly addNameRange     '1.1.11',
54 silly addNameRange     '1.2.0',
54 silly addNameRange     '1.2.1',
54 silly addNameRange     '1.2.2',
54 silly addNameRange     '1.2.3',
54 silly addNameRange     '1.2.4',
54 silly addNameRange     '1.2.5',
54 silly addNameRange     '1.2.6',
54 silly addNameRange     '1.2.7',
54 silly addNameRange     '1.2.8',
54 silly addNameRange     '1.2.9',
54 silly addNameRange     '1.2.10',
54 silly addNameRange     '1.2.11',
54 silly addNameRange     '1.2.12',
54 silly addNameRange     '1.2.13',
54 silly addNameRange     '1.2.14',
54 silly addNameRange     '1.3.0',
54 silly addNameRange     '1.3.1',
54 silly addNameRange     '1.3.2',
54 silly addNameRange     '1.3.3',
54 silly addNameRange     '1.3.4',
54 silly addNameRange     '1.3.5',
54 silly addNameRange     '1.3.6',
54 silly addNameRange     '1.3.7',
54 silly addNameRange     '1.3.8',
54 silly addNameRange     '1.3.9',
54 silly addNameRange     '1.3.10',
54 silly addNameRange     '1.3.11',
54 silly addNameRange     '1.3.12',
54 silly addNameRange     '1.3.14',
54 silly addNameRange     '1.3.15',
54 silly addNameRange     '1.3.17',
54 silly addNameRange     '1.3.18',
54 silly addNameRange     '1.3.19',
54 silly addNameRange     '1.4.0-rc2',
54 silly addNameRange     '1.3.20',
54 silly addNameRange     '1.4.0-rc3',
54 silly addNameRange     '1.3.21',
54 silly addNameRange     '1.3.22',
54 silly addNameRange     '1.3.23',
54 silly addNameRange     '1.4.0-rc4',
54 silly addNameRange     '1.4.0-rc5',
54 silly addNameRange     '1.4.0-rc6',
54 silly addNameRange     '1.4.0-rc7',
54 silly addNameRange     '1.4.0-rc8',
54 silly addNameRange     '1.4.0-rc9',
54 silly addNameRange     '1.4.0-rc10',
54 silly addNameRange     '1.4.0',
54 silly addNameRange     '1.4.1',
54 silly addNameRange     '1.4.2',
54 silly addNameRange     '1.4.3',
54 silly addNameRange     '1.4.4',
54 silly addNameRange     '1.4.5',
54 silly addNameRange     '1.4.6',
54 silly addNameRange     '1.4.7',
54 silly addNameRange     '1.4.8',
54 silly addNameRange     '1.4.9',
54 silly addNameRange     '1.4.10',
54 silly addNameRange     '2.0.0-alpha1',
54 silly addNameRange     '1.4.11',
54 silly addNameRange     '1.4.12',
54 silly addNameRange     '1.4.14',
54 silly addNameRange     '1.4.15',
54 silly addNameRange     '1.4.16',
54 silly addNameRange     '1.4.17',
54 silly addNameRange     '2.0.0-alpha2',
54 silly addNameRange     '1.4.18',
54 silly addNameRange     '2.0.0',
54 silly addNameRange     '2.0.1',
54 silly addNameRange     '2.0.2',
54 silly addNameRange     '1.4.19',
54 silly addNameRange     '2.0.3',
54 silly addNameRange     '2.0.4',
54 silly addNameRange     '2.0.5',
54 silly addNameRange     '2.0.6',
54 silly addNameRange     '1.4.20',
54 silly addNameRange     '1.4.22',
54 silly addNameRange     '2.0.7',
54 silly addNameRange     '2.0.8',
54 silly addNameRange     '2.0.9',
54 silly addNameRange     '1.4.23',
54 silly addNameRange     '2.0.10',
54 silly addNameRange     '1.4.24',
54 silly addNameRange     '2.0.11',
54 silly addNameRange     '1.4.25',
54 silly addNameRange     '2.0.12',
54 silly addNameRange     '1.4.26',
54 silly addNameRange     '1.4.27',
54 silly addNameRange     '1.4.28',
54 silly addNameRange     '2.0.13',
54 silly addNameRange     '2.0.14',
54 silly addNameRange     '1.4.29',
54 silly addNameRange     '2.0.15',
54 silly addNameRange     '1.4.30',
54 silly addNameRange     '2.0.16',
54 silly addNameRange     '1.4.31',
54 silly addNameRange     '2.0.17',
54 silly addNameRange     '1.4.32',
54 silly addNameRange     '2.0.18',
54 silly addNameRange     '2.0.19',
54 silly addNameRange     '1.4.33',
54 silly addNameRange     '2.0.20',
54 silly addNameRange     '2.0.21',
54 silly addNameRange     '1.4.34',
54 silly addNameRange     '2.0.22',
54 silly addNameRange     '2.0.23',
54 silly addNameRange     '1.4.35',
54 silly addNameRange     '2.0.24',
54 silly addNameRange     '2.0.25',
54 silly addNameRange     '2.0.26',
54 silly addNameRange     '2.0.27',
54 silly addNameRange     '2.0.28',
54 silly addNameRange     '2.0.29',
54 silly addNameRange     '1.4.36',
54 silly addNameRange     '2.0.30',
54 silly addNameRange     '1.4.37',
54 silly addNameRange     '2.0.31',
54 silly addNameRange     '1.4.38',
54 silly addNameRange     '2.0.32',
54 silly addNameRange     '2.0.33' ] ]
55 verbose addNamed [ 'mongodb', '1.4.38' ]
56 verbose addNamed [ '1.4.38', '1.4.38' ]
57 silly lockFile e3e45dcd-mongodb-1-4-38 mongodb@1.4.38
58 verbose lock mongodb@1.4.38 /Users/NguyenMinhTuan/.npm/e3e45dcd-mongodb-1-4-38.lock
59 silly lockFile da267f8e-s-org-mongodb-mongodb-1-4-38-tgz https://registry.npmjs.org/mongodb/-/mongodb-1.4.38.tgz
60 verbose lock https://registry.npmjs.org/mongodb/-/mongodb-1.4.38.tgz /Users/NguyenMinhTuan/.npm/da267f8e-s-org-mongodb-mongodb-1-4-38-tgz.lock
61 verbose addRemoteTarball [ 'https://registry.npmjs.org/mongodb/-/mongodb-1.4.38.tgz',
61 verbose addRemoteTarball   '8cffd618100af3a4648a995498bfcfcb4ed8abd2' ]
62 info retry fetch attempt 1 at 16:05:57
63 verbose fetch to= /var/folders/yn/z8dszcc15zgfr7q4q00yf3y00000gn/T/npm-8533-ukJ-LPmK/registry.npmjs.org/mongodb/-/mongodb-1.4.38.tgz
64 http GET https://registry.npmjs.org/mongodb/-/mongodb-1.4.38.tgz
65 http 404 https://registry.npmjs.org/%5B--save%5D
66 silly registry.get cb [ 404,
66 silly registry.get   { 'content-type': 'application/json',
66 silly registry.get     'cache-control': 'max-age=0',
66 silly registry.get     'content-length': '68',
66 silly registry.get     'accept-ranges': 'bytes',
66 silly registry.get     date: 'Sun, 31 May 2015 09:05:57 GMT',
66 silly registry.get     via: '1.1 varnish',
66 silly registry.get     age: '0',
66 silly registry.get     connection: 'keep-alive',
66 silly registry.get     'x-served-by': 'cache-hkg6827-HKG',
66 silly registry.get     'x-cache': 'MISS',
66 silly registry.get     'x-cache-hits': '0',
66 silly registry.get     'x-timer': 'S1433063156.713624,VS0,VE1063' } ]
67 silly lockFile eb3996db-save [--save]@
68 silly lockFile eb3996db-save [--save]@
69 http 200 https://registry.npmjs.org/mongodb/-/mongodb-1.4.38.tgz
70 silly lockFile da267f8e-s-org-mongodb-mongodb-1-4-38-tgz https://registry.npmjs.org/mongodb/-/mongodb-1.4.38.tgz
71 silly lockFile da267f8e-s-org-mongodb-mongodb-1-4-38-tgz https://registry.npmjs.org/mongodb/-/mongodb-1.4.38.tgz
72 silly lockFile e3e45dcd-mongodb-1-4-38 mongodb@1.4.38
73 silly lockFile e3e45dcd-mongodb-1-4-38 mongodb@1.4.38
74 silly lockFile 932bdf53-mongodb-1-4 mongodb@~1.4
75 silly lockFile 932bdf53-mongodb-1-4 mongodb@~1.4
76 error 404 Not Found
76 error 404
76 error 404 '[--save]' is not in the npm registry.
76 error 404 You should bug the author to publish it
76 error 404 It was specified as a dependency of 'application-name'
76 error 404
76 error 404 Note that you can also install from a
76 error 404 tarball, folder, or http url, or git url.
77 error System Darwin 14.3.0
78 error command "node" "/usr/local/bin/npm" "install" "mongodb@~1.4" "[--save]"
79 error cwd /Users/NguyenMinhTuan/Documents/today_voice
80 error node -v v0.10.32
81 error npm -v 1.4.28
82 error code E404
83 verbose exit [ 1, true ]
